{"/home/vaxeng/Documents/lottery_app_api/Processes.js": {"path":"/home/vaxeng/Documents/lottery_app_api/Processes.js","statementMap":{"0":{"start":{"line":2,"column":21},"end":{"line":2,"column":54}},"1":{"start":{"line":3,"column":15},"end":{"line":3,"column":45}},"2":{"start":{"line":4,"column":17},"end":{"line":4,"column":19}},"3":{"start":{"line":6,"column":13},"end":{"line":20,"column":1}},"4":{"start":{"line":7,"column":4},"end":{"line":7,"column":31}},"5":{"start":{"line":8,"column":4},"end":{"line":8,"column":27}},"6":{"start":{"line":10,"column":4},"end":{"line":19,"column":7}},"7":{"start":{"line":11,"column":8},"end":{"line":18,"column":9}},"8":{"start":{"line":12,"column":12},"end":{"line":12,"column":30}},"9":{"start":{"line":13,"column":12},"end":{"line":13,"column":46}},"10":{"start":{"line":16,"column":12},"end":{"line":16,"column":32}},"11":{"start":{"line":17,"column":12},"end":{"line":17,"column":41}},"12":{"start":{"line":22,"column":10},"end":{"line":40,"column":1}},"13":{"start":{"line":23,"column":4},"end":{"line":23,"column":31}},"14":{"start":{"line":25,"column":4},"end":{"line":25,"column":27}},"15":{"start":{"line":27,"column":4},"end":{"line":39,"column":7}},"16":{"start":{"line":28,"column":8},"end":{"line":31,"column":9}},"17":{"start":{"line":29,"column":12},"end":{"line":29,"column":30}},"18":{"start":{"line":30,"column":12},"end":{"line":30,"column":46}},"19":{"start":{"line":32,"column":8},"end":{"line":38,"column":9}},"20":{"start":{"line":33,"column":12},"end":{"line":33,"column":89}},"21":{"start":{"line":36,"column":12},"end":{"line":36,"column":32}},"22":{"start":{"line":37,"column":12},"end":{"line":37,"column":53}},"23":{"start":{"line":42,"column":10},"end":{"line":62,"column":1}},"24":{"start":{"line":43,"column":4},"end":{"line":43,"column":31}},"25":{"start":{"line":45,"column":4},"end":{"line":45,"column":27}},"26":{"start":{"line":47,"column":4},"end":{"line":61,"column":7}},"27":{"start":{"line":48,"column":8},"end":{"line":51,"column":9}},"28":{"start":{"line":49,"column":12},"end":{"line":49,"column":30}},"29":{"start":{"line":50,"column":12},"end":{"line":50,"column":46}},"30":{"start":{"line":53,"column":8},"end":{"line":60,"column":9}},"31":{"start":{"line":54,"column":12},"end":{"line":54,"column":74}},"32":{"start":{"line":58,"column":12},"end":{"line":58,"column":32}},"33":{"start":{"line":59,"column":12},"end":{"line":59,"column":41}},"34":{"start":{"line":65,"column":13},"end":{"line":82,"column":1}},"35":{"start":{"line":66,"column":4},"end":{"line":66,"column":31}},"36":{"start":{"line":68,"column":4},"end":{"line":68,"column":27}},"37":{"start":{"line":69,"column":4},"end":{"line":81,"column":7}},"38":{"start":{"line":70,"column":8},"end":{"line":73,"column":9}},"39":{"start":{"line":71,"column":12},"end":{"line":71,"column":30}},"40":{"start":{"line":72,"column":12},"end":{"line":72,"column":46}},"41":{"start":{"line":74,"column":8},"end":{"line":80,"column":9}},"42":{"start":{"line":75,"column":12},"end":{"line":75,"column":74}},"43":{"start":{"line":78,"column":12},"end":{"line":78,"column":32}},"44":{"start":{"line":79,"column":12},"end":{"line":79,"column":41}},"45":{"start":{"line":83,"column":0},"end":{"line":83,"column":43}}},"fnMap":{"0":{"name":"(anonymous_0)","decl":{"start":{"line":6,"column":13},"end":{"line":6,"column":14}},"loc":{"start":{"line":6,"column":63},"end":{"line":20,"column":1}},"line":6},"1":{"name":"(anonymous_1)","decl":{"start":{"line":10,"column":44},"end":{"line":10,"column":45}},"loc":{"start":{"line":10,"column":62},"end":{"line":19,"column":5}},"line":10},"2":{"name":"(anonymous_2)","decl":{"start":{"line":22,"column":10},"end":{"line":22,"column":11}},"loc":{"start":{"line":22,"column":60},"end":{"line":40,"column":1}},"line":22},"3":{"name":"(anonymous_3)","decl":{"start":{"line":27,"column":44},"end":{"line":27,"column":45}},"loc":{"start":{"line":27,"column":62},"end":{"line":39,"column":5}},"line":27},"4":{"name":"(anonymous_4)","decl":{"start":{"line":42,"column":10},"end":{"line":42,"column":11}},"loc":{"start":{"line":42,"column":60},"end":{"line":62,"column":1}},"line":42},"5":{"name":"(anonymous_5)","decl":{"start":{"line":47,"column":44},"end":{"line":47,"column":45}},"loc":{"start":{"line":47,"column":62},"end":{"line":61,"column":5}},"line":47},"6":{"name":"(anonymous_6)","decl":{"start":{"line":65,"column":13},"end":{"line":65,"column":14}},"loc":{"start":{"line":65,"column":63},"end":{"line":82,"column":1}},"line":65},"7":{"name":"(anonymous_7)","decl":{"start":{"line":69,"column":44},"end":{"line":69,"column":45}},"loc":{"start":{"line":69,"column":62},"end":{"line":81,"column":5}},"line":69}},"branchMap":{"0":{"loc":{"start":{"line":11,"column":8},"end":{"line":18,"column":9}},"type":"if","locations":[{"start":{"line":11,"column":8},"end":{"line":18,"column":9}},{"start":{"line":11,"column":8},"end":{"line":18,"column":9}}],"line":11},"1":{"loc":{"start":{"line":28,"column":8},"end":{"line":31,"column":9}},"type":"if","locations":[{"start":{"line":28,"column":8},"end":{"line":31,"column":9}},{"start":{"line":28,"column":8},"end":{"line":31,"column":9}}],"line":28},"2":{"loc":{"start":{"line":32,"column":8},"end":{"line":38,"column":9}},"type":"if","locations":[{"start":{"line":32,"column":8},"end":{"line":38,"column":9}},{"start":{"line":32,"column":8},"end":{"line":38,"column":9}}],"line":32},"3":{"loc":{"start":{"line":48,"column":8},"end":{"line":51,"column":9}},"type":"if","locations":[{"start":{"line":48,"column":8},"end":{"line":51,"column":9}},{"start":{"line":48,"column":8},"end":{"line":51,"column":9}}],"line":48},"4":{"loc":{"start":{"line":53,"column":8},"end":{"line":60,"column":9}},"type":"if","locations":[{"start":{"line":53,"column":8},"end":{"line":60,"column":9}},{"start":{"line":53,"column":8},"end":{"line":60,"column":9}}],"line":53},"5":{"loc":{"start":{"line":70,"column":8},"end":{"line":73,"column":9}},"type":"if","locations":[{"start":{"line":70,"column":8},"end":{"line":73,"column":9}},{"start":{"line":70,"column":8},"end":{"line":73,"column":9}}],"line":70},"6":{"loc":{"start":{"line":74,"column":8},"end":{"line":80,"column":9}},"type":"if","locations":[{"start":{"line":74,"column":8},"end":{"line":80,"column":9}},{"start":{"line":74,"column":8},"end":{"line":80,"column":9}}],"line":74}},"s":{"0":1,"1":1,"2":1,"3":1,"4":0,"5":0,"6":0,"7":0,"8":0,"9":0,"10":0,"11":0,"12":1,"13":0,"14":0,"15":0,"16":0,"17":0,"18":0,"19":0,"20":0,"21":0,"22":0,"23":1,"24":0,"25":0,"26":0,"27":0,"28":0,"29":0,"30":0,"31":0,"32":0,"33":0,"34":1,"35":0,"36":0,"37":0,"38":0,"39":0,"40":0,"41":0,"42":0,"43":0,"44":0,"45":1},"f":{"0":0,"1":0,"2":0,"3":0,"4":0,"5":0,"6":0,"7":0},"b":{"0":[0,0],"1":[0,0],"2":[0,0],"3":[0,0],"4":[0,0],"5":[0,0],"6":[0,0]},"_coverageSchema":"1a1c01bbd47fc00a2c39e90264f33305004495a9","hash":"51949fae4b4292898e29b5deed75f364930889d1"}
,"/home/vaxeng/Documents/lottery_app_api/server.js": {"path":"/home/vaxeng/Documents/lottery_app_api/server.js","statementMap":{"0":{"start":{"line":1,"column":16},"end":{"line":1,"column":34}},"1":{"start":{"line":2,"column":12},"end":{"line":2,"column":21}},"2":{"start":{"line":3,"column":13},"end":{"line":3,"column":28}},"3":{"start":{"line":4,"column":17},"end":{"line":4,"column":39}},"4":{"start":{"line":5,"column":21},"end":{"line":5,"column":45}},"5":{"start":{"line":6,"column":18},"end":{"line":6,"column":47}},"6":{"start":{"line":8,"column":0},"end":{"line":8,"column":48}},"7":{"start":{"line":9,"column":0},"end":{"line":9,"column":24}},"8":{"start":{"line":10,"column":0},"end":{"line":10,"column":15}},"9":{"start":{"line":11,"column":0},"end":{"line":11,"column":27}},"10":{"start":{"line":12,"column":0},"end":{"line":12,"column":51}},"11":{"start":{"line":17,"column":16},"end":{"line":17,"column":49}},"12":{"start":{"line":18,"column":15},"end":{"line":18,"column":47}},"13":{"start":{"line":21,"column":0},"end":{"line":21,"column":25}},"14":{"start":{"line":22,"column":0},"end":{"line":22,"column":24}},"15":{"start":{"line":25,"column":13},"end":{"line":25,"column":37}},"16":{"start":{"line":26,"column":15},"end":{"line":57,"column":1}},"17":{"start":{"line":58,"column":20},"end":{"line":58,"column":40}},"18":{"start":{"line":59,"column":0},"end":{"line":59,"column":67}},"19":{"start":{"line":62,"column":0},"end":{"line":62,"column":63}},"20":{"start":{"line":63,"column":0},"end":{"line":63,"column":21}}},"fnMap":{},"branchMap":{"0":{"loc":{"start":{"line":25,"column":13},"end":{"line":25,"column":37}},"type":"binary-expr","locations":[{"start":{"line":25,"column":13},"end":{"line":25,"column":29}},{"start":{"line":25,"column":33},"end":{"line":25,"column":37}}],"line":25}},"s":{"0":1,"1":1,"2":1,"3":1,"4":1,"5":1,"6":1,"7":1,"8":1,"9":1,"10":1,"11":1,"12":1,"13":1,"14":1,"15":1,"16":1,"17":1,"18":1,"19":1,"20":1},"f":{},"b":{"0":[1,1]},"_coverageSchema":"1a1c01bbd47fc00a2c39e90264f33305004495a9","hash":"5f28f5573f38962590b1ae7f27ae1f35d1c28ef6"}
,"/home/vaxeng/Documents/lottery_app_api/config-db/connection.js": {"path":"/home/vaxeng/Documents/lottery_app_api/config-db/connection.js","statementMap":{"0":{"start":{"line":2,"column":16},"end":{"line":2,"column":34}},"1":{"start":{"line":3,"column":0},"end":{"line":22,"column":1}},"2":{"start":{"line":5,"column":23},"end":{"line":11,"column":6}},"3":{"start":{"line":13,"column":4},"end":{"line":17,"column":6}},"4":{"start":{"line":14,"column":8},"end":{"line":14,"column":32}},"5":{"start":{"line":16,"column":8},"end":{"line":16,"column":37}},"6":{"start":{"line":21,"column":4},"end":{"line":21,"column":22}}},"fnMap":{"0":{"name":"(anonymous_0)","decl":{"start":{"line":3,"column":18},"end":{"line":3,"column":19}},"loc":{"start":{"line":3,"column":28},"end":{"line":22,"column":1}},"line":3},"1":{"name":"(anonymous_1)","decl":{"start":{"line":13,"column":30},"end":{"line":13,"column":31}},"loc":{"start":{"line":13,"column":37},"end":{"line":15,"column":5}},"line":13},"2":{"name":"(anonymous_2)","decl":{"start":{"line":15,"column":13},"end":{"line":15,"column":14}},"loc":{"start":{"line":15,"column":20},"end":{"line":17,"column":5}},"line":15}},"branchMap":{},"s":{"0":1,"1":1,"2":0,"3":0,"4":0,"5":0,"6":0},"f":{"0":0,"1":0,"2":0},"b":{},"_coverageSchema":"1a1c01bbd47fc00a2c39e90264f33305004495a9","hash":"8d05d8ada3daf4880eb33aada8453039e2fa5b7f"}
,"/home/vaxeng/Documents/lottery_app_api/config-log/logger.js": {"path":"/home/vaxeng/Documents/lottery_app_api/config-log/logger.js","statementMap":{"0":{"start":{"line":2,"column":16},"end":{"line":2,"column":34}},"1":{"start":{"line":3,"column":15},"end":{"line":19,"column":4}},"2":{"start":{"line":20,"column":2},"end":{"line":20,"column":26}}},"fnMap":{},"branchMap":{},"s":{"0":1,"1":1,"2":1},"f":{},"b":{},"_coverageSchema":"1a1c01bbd47fc00a2c39e90264f33305004495a9","hash":"557b5aa36cc3c3d2f196e9596033d047aaad85a9"}
,"/home/vaxeng/Documents/lottery_app_api/controllers/account.controller.js": {"path":"/home/vaxeng/Documents/lottery_app_api/controllers/account.controller.js","statementMap":{"0":{"start":{"line":3,"column":21},"end":{"line":3,"column":55}},"1":{"start":{"line":4,"column":12},"end":{"line":4,"column":35}},"2":{"start":{"line":5,"column":14},"end":{"line":5,"column":48}},"3":{"start":{"line":6,"column":10},"end":{"line":6,"column":12}},"4":{"start":{"line":7,"column":15},"end":{"line":7,"column":46}},"5":{"start":{"line":8,"column":16},"end":{"line":8,"column":39}},"6":{"start":{"line":9,"column":17},"end":{"line":9,"column":19}},"7":{"start":{"line":12,"column":0},"end":{"line":54,"column":1}},"8":{"start":{"line":14,"column":4},"end":{"line":14,"column":31}},"9":{"start":{"line":16,"column":4},"end":{"line":16,"column":24}},"10":{"start":{"line":18,"column":4},"end":{"line":18,"column":74}},"11":{"start":{"line":20,"column":4},"end":{"line":20,"column":89}},"12":{"start":{"line":23,"column":4},"end":{"line":25,"column":5}},"13":{"start":{"line":24,"column":8},"end":{"line":24,"column":71}},"14":{"start":{"line":26,"column":4},"end":{"line":53,"column":7}},"15":{"start":{"line":27,"column":8},"end":{"line":30,"column":9}},"16":{"start":{"line":28,"column":12},"end":{"line":28,"column":31}},"17":{"start":{"line":29,"column":12},"end":{"line":29,"column":50}},"18":{"start":{"line":31,"column":8},"end":{"line":51,"column":9}},"19":{"start":{"line":33,"column":12},"end":{"line":33,"column":67}},"20":{"start":{"line":36,"column":12},"end":{"line":36,"column":55}},"21":{"start":{"line":38,"column":12},"end":{"line":49,"column":14}},"22":{"start":{"line":39,"column":16},"end":{"line":48,"column":19}},"23":{"start":{"line":40,"column":20},"end":{"line":47,"column":23}},"24":{"start":{"line":57,"column":0},"end":{"line":74,"column":1}},"25":{"start":{"line":59,"column":4},"end":{"line":59,"column":31}},"26":{"start":{"line":61,"column":4},"end":{"line":61,"column":24}},"27":{"start":{"line":62,"column":4},"end":{"line":62,"column":96}},"28":{"start":{"line":64,"column":4},"end":{"line":64,"column":31}},"29":{"start":{"line":66,"column":4},"end":{"line":67,"column":99}},"30":{"start":{"line":67,"column":8},"end":{"line":67,"column":99}},"31":{"start":{"line":68,"column":4},"end":{"line":73,"column":5}},"32":{"start":{"line":76,"column":0},"end":{"line":104,"column":1}},"33":{"start":{"line":78,"column":4},"end":{"line":78,"column":31}},"34":{"start":{"line":81,"column":4},"end":{"line":81,"column":24}},"35":{"start":{"line":83,"column":4},"end":{"line":83,"column":75}},"36":{"start":{"line":85,"column":4},"end":{"line":85,"column":71}},"37":{"start":{"line":87,"column":4},"end":{"line":102,"column":6}},"38":{"start":{"line":88,"column":8},"end":{"line":91,"column":9}},"39":{"start":{"line":89,"column":12},"end":{"line":89,"column":31}},"40":{"start":{"line":90,"column":12},"end":{"line":90,"column":50}},"41":{"start":{"line":93,"column":8},"end":{"line":100,"column":9}},"42":{"start":{"line":94,"column":12},"end":{"line":94,"column":39}},"43":{"start":{"line":98,"column":12},"end":{"line":98,"column":37}},"44":{"start":{"line":99,"column":12},"end":{"line":99,"column":38}},"45":{"start":{"line":108,"column":0},"end":{"line":163,"column":1}},"46":{"start":{"line":110,"column":4},"end":{"line":110,"column":31}},"47":{"start":{"line":112,"column":26},"end":{"line":112,"column":30}},"48":{"start":{"line":113,"column":4},"end":{"line":113,"column":24}},"49":{"start":{"line":115,"column":4},"end":{"line":115,"column":68}},"50":{"start":{"line":116,"column":4},"end":{"line":125,"column":6}},"51":{"start":{"line":118,"column":8},"end":{"line":121,"column":9}},"52":{"start":{"line":119,"column":12},"end":{"line":119,"column":31}},"53":{"start":{"line":120,"column":12},"end":{"line":120,"column":50}},"54":{"start":{"line":123,"column":8},"end":{"line":124,"column":34}},"55":{"start":{"line":124,"column":12},"end":{"line":124,"column":34}},"56":{"start":{"line":127,"column":4},"end":{"line":127,"column":96}},"57":{"start":{"line":130,"column":4},"end":{"line":137,"column":55}},"58":{"start":{"line":139,"column":4},"end":{"line":161,"column":6}},"59":{"start":{"line":142,"column":8},"end":{"line":146,"column":9}},"60":{"start":{"line":143,"column":12},"end":{"line":143,"column":31}},"61":{"start":{"line":144,"column":12},"end":{"line":144,"column":50}},"62":{"start":{"line":147,"column":8},"end":{"line":159,"column":9}},"63":{"start":{"line":148,"column":12},"end":{"line":148,"column":58}},"64":{"start":{"line":151,"column":12},"end":{"line":157,"column":14}},"65":{"start":{"line":162,"column":4},"end":{"line":162,"column":27}}},"fnMap":{"0":{"name":"(anonymous_0)","decl":{"start":{"line":12,"column":16},"end":{"line":12,"column":17}},"loc":{"start":{"line":12,"column":36},"end":{"line":54,"column":1}},"line":12},"1":{"name":"(anonymous_1)","decl":{"start":{"line":26,"column":71},"end":{"line":26,"column":72}},"loc":{"start":{"line":26,"column":91},"end":{"line":53,"column":5}},"line":26},"2":{"name":"(anonymous_2)","decl":{"start":{"line":38,"column":34},"end":{"line":38,"column":35}},"loc":{"start":{"line":38,"column":47},"end":{"line":49,"column":13}},"line":38},"3":{"name":"(anonymous_3)","decl":{"start":{"line":39,"column":51},"end":{"line":39,"column":52}},"loc":{"start":{"line":39,"column":73},"end":{"line":48,"column":17}},"line":39},"4":{"name":"(anonymous_4)","decl":{"start":{"line":57,"column":24},"end":{"line":57,"column":25}},"loc":{"start":{"line":57,"column":44},"end":{"line":74,"column":1}},"line":57},"5":{"name":"(anonymous_5)","decl":{"start":{"line":76,"column":23},"end":{"line":76,"column":24}},"loc":{"start":{"line":76,"column":43},"end":{"line":104,"column":1}},"line":76},"6":{"name":"(anonymous_6)","decl":{"start":{"line":87,"column":56},"end":{"line":87,"column":57}},"loc":{"start":{"line":87,"column":76},"end":{"line":102,"column":5}},"line":87},"7":{"name":"(anonymous_7)","decl":{"start":{"line":108,"column":25},"end":{"line":108,"column":26}},"loc":{"start":{"line":108,"column":45},"end":{"line":163,"column":1}},"line":108},"8":{"name":"(anonymous_8)","decl":{"start":{"line":116,"column":56},"end":{"line":116,"column":57}},"loc":{"start":{"line":116,"column":76},"end":{"line":125,"column":5}},"line":116},"9":{"name":"(anonymous_9)","decl":{"start":{"line":139,"column":55},"end":{"line":139,"column":56}},"loc":{"start":{"line":139,"column":75},"end":{"line":161,"column":5}},"line":139}},"branchMap":{"0":{"loc":{"start":{"line":23,"column":4},"end":{"line":25,"column":5}},"type":"if","locations":[{"start":{"line":23,"column":4},"end":{"line":25,"column":5}},{"start":{"line":23,"column":4},"end":{"line":25,"column":5}}],"line":23},"1":{"loc":{"start":{"line":23,"column":8},"end":{"line":23,"column":47}},"type":"binary-expr","locations":[{"start":{"line":23,"column":8},"end":{"line":23,"column":28}},{"start":{"line":23,"column":32},"end":{"line":23,"column":47}}],"line":23},"2":{"loc":{"start":{"line":27,"column":8},"end":{"line":30,"column":9}},"type":"if","locations":[{"start":{"line":27,"column":8},"end":{"line":30,"column":9}},{"start":{"line":27,"column":8},"end":{"line":30,"column":9}}],"line":27},"3":{"loc":{"start":{"line":31,"column":8},"end":{"line":51,"column":9}},"type":"if","locations":[{"start":{"line":31,"column":8},"end":{"line":51,"column":9}},{"start":{"line":31,"column":8},"end":{"line":51,"column":9}}],"line":31},"4":{"loc":{"start":{"line":66,"column":4},"end":{"line":67,"column":99}},"type":"if","locations":[{"start":{"line":66,"column":4},"end":{"line":67,"column":99}},{"start":{"line":66,"column":4},"end":{"line":67,"column":99}}],"line":66},"5":{"loc":{"start":{"line":66,"column":8},"end":{"line":66,"column":69}},"type":"binary-expr","locations":[{"start":{"line":66,"column":8},"end":{"line":66,"column":28}},{"start":{"line":66,"column":32},"end":{"line":66,"column":47}},{"start":{"line":66,"column":51},"end":{"line":66,"column":69}}],"line":66},"6":{"loc":{"start":{"line":88,"column":8},"end":{"line":91,"column":9}},"type":"if","locations":[{"start":{"line":88,"column":8},"end":{"line":91,"column":9}},{"start":{"line":88,"column":8},"end":{"line":91,"column":9}}],"line":88},"7":{"loc":{"start":{"line":93,"column":8},"end":{"line":100,"column":9}},"type":"if","locations":[{"start":{"line":93,"column":8},"end":{"line":100,"column":9}},{"start":{"line":93,"column":8},"end":{"line":100,"column":9}}],"line":93},"8":{"loc":{"start":{"line":118,"column":8},"end":{"line":121,"column":9}},"type":"if","locations":[{"start":{"line":118,"column":8},"end":{"line":121,"column":9}},{"start":{"line":118,"column":8},"end":{"line":121,"column":9}}],"line":118},"9":{"loc":{"start":{"line":123,"column":8},"end":{"line":124,"column":34}},"type":"if","locations":[{"start":{"line":123,"column":8},"end":{"line":124,"column":34}},{"start":{"line":123,"column":8},"end":{"line":124,"column":34}}],"line":123},"10":{"loc":{"start":{"line":123,"column":12},"end":{"line":123,"column":67}},"type":"binary-expr","locations":[{"start":{"line":123,"column":12},"end":{"line":123,"column":28}},{"start":{"line":123,"column":32},"end":{"line":123,"column":67}}],"line":123},"11":{"loc":{"start":{"line":142,"column":8},"end":{"line":146,"column":9}},"type":"if","locations":[{"start":{"line":142,"column":8},"end":{"line":146,"column":9}},{"start":{"line":142,"column":8},"end":{"line":146,"column":9}}],"line":142},"12":{"loc":{"start":{"line":147,"column":8},"end":{"line":159,"column":9}},"type":"if","locations":[{"start":{"line":147,"column":8},"end":{"line":159,"column":9}},{"start":{"line":147,"column":8},"end":{"line":159,"column":9}}],"line":147}},"s":{"0":1,"1":1,"2":1,"3":1,"4":1,"5":1,"6":1,"7":1,"8":0,"9":0,"10":0,"11":0,"12":0,"13":0,"14":0,"15":0,"16":0,"17":0,"18":0,"19":0,"20":0,"21":0,"22":0,"23":0,"24":1,"25":0,"26":0,"27":0,"28":0,"29":0,"30":0,"31":0,"32":1,"33":0,"34":0,"35":0,"36":0,"37":0,"38":0,"39":0,"40":0,"41":0,"42":0,"43":0,"44":0,"45":1,"46":0,"47":0,"48":0,"49":0,"50":0,"51":0,"52":0,"53":0,"54":0,"55":0,"56":0,"57":0,"58":0,"59":0,"60":0,"61":0,"62":0,"63":0,"64":0,"65":0},"f":{"0":0,"1":0,"2":0,"3":0,"4":0,"5":0,"6":0,"7":0,"8":0,"9":0},"b":{"0":[0,0],"1":[0,0],"2":[0,0],"3":[0,0],"4":[0,0],"5":[0,0,0],"6":[0,0],"7":[0,0],"8":[0,0],"9":[0,0],"10":[0,0],"11":[0,0],"12":[0,0]},"_coverageSchema":"1a1c01bbd47fc00a2c39e90264f33305004495a9","hash":"bdae07067a36def2ec8696ff1ed6bb9d59179592"}
,"/home/vaxeng/Documents/lottery_app_api/controllers/peiod.controller.js": {"path":"/home/vaxeng/Documents/lottery_app_api/controllers/peiod.controller.js","statementMap":{"0":{"start":{"line":2,"column":19},"end":{"line":2,"column":53}},"1":{"start":{"line":3,"column":15},"end":{"line":3,"column":46}},"2":{"start":{"line":4,"column":10},"end":{"line":4,"column":12}},"3":{"start":{"line":5,"column":16},"end":{"line":5,"column":39}},"4":{"start":{"line":6,"column":0},"end":{"line":35,"column":1}},"5":{"start":{"line":8,"column":23},"end":{"line":8,"column":44}},"6":{"start":{"line":10,"column":4},"end":{"line":12,"column":59}},"7":{"start":{"line":14,"column":4},"end":{"line":34,"column":6}},"8":{"start":{"line":15,"column":8},"end":{"line":18,"column":9}},"9":{"start":{"line":16,"column":12},"end":{"line":16,"column":31}},"10":{"start":{"line":17,"column":12},"end":{"line":17,"column":48}},"11":{"start":{"line":20,"column":8},"end":{"line":33,"column":9}},"12":{"start":{"line":21,"column":12},"end":{"line":21,"column":39}},"13":{"start":{"line":24,"column":12},"end":{"line":32,"column":14}}},"fnMap":{"0":{"name":"(anonymous_0)","decl":{"start":{"line":6,"column":20},"end":{"line":6,"column":21}},"loc":{"start":{"line":6,"column":40},"end":{"line":35,"column":1}},"line":6},"1":{"name":"(anonymous_1)","decl":{"start":{"line":14,"column":46},"end":{"line":14,"column":47}},"loc":{"start":{"line":14,"column":66},"end":{"line":34,"column":5}},"line":14}},"branchMap":{"0":{"loc":{"start":{"line":15,"column":8},"end":{"line":18,"column":9}},"type":"if","locations":[{"start":{"line":15,"column":8},"end":{"line":18,"column":9}},{"start":{"line":15,"column":8},"end":{"line":18,"column":9}}],"line":15},"1":{"loc":{"start":{"line":20,"column":8},"end":{"line":33,"column":9}},"type":"if","locations":[{"start":{"line":20,"column":8},"end":{"line":33,"column":9}},{"start":{"line":20,"column":8},"end":{"line":33,"column":9}}],"line":20}},"s":{"0":1,"1":1,"2":1,"3":1,"4":1,"5":2,"6":2,"7":2,"8":0,"9":0,"10":0,"11":0,"12":0,"13":0},"f":{"0":2,"1":0},"b":{"0":[0,0],"1":[0,0]},"_coverageSchema":"1a1c01bbd47fc00a2c39e90264f33305004495a9","hash":"3a34557fb7265cc26ddd2b32d5e2606907ac1229"}
,"/home/vaxeng/Documents/lottery_app_api/models/account.model.js": {"path":"/home/vaxeng/Documents/lottery_app_api/models/account.model.js","statementMap":{"0":{"start":{"line":3,"column":11},"end":{"line":10,"column":1}},"1":{"start":{"line":12,"column":0},"end":{"line":12,"column":21}}},"fnMap":{},"branchMap":{},"s":{"0":1,"1":1},"f":{},"b":{},"_coverageSchema":"1a1c01bbd47fc00a2c39e90264f33305004495a9","hash":"6c6db3f192e60b683718d05626bade7dc688597a"}
,"/home/vaxeng/Documents/lottery_app_api/routes/account.route.js": {"path":"/home/vaxeng/Documents/lottery_app_api/routes/account.route.js","statementMap":{"0":{"start":{"line":2,"column":16},"end":{"line":2,"column":34}},"1":{"start":{"line":3,"column":15},"end":{"line":3,"column":31}},"2":{"start":{"line":4,"column":16},"end":{"line":4,"column":60}},"3":{"start":{"line":85,"column":0},"end":{"line":85,"column":65}},"4":{"start":{"line":125,"column":0},"end":{"line":125,"column":97}},"5":{"start":{"line":153,"column":0},"end":{"line":153,"column":71}},"6":{"start":{"line":180,"column":0},"end":{"line":180,"column":88}},"7":{"start":{"line":182,"column":0},"end":{"line":182,"column":23}}},"fnMap":{},"branchMap":{},"s":{"0":1,"1":1,"2":1,"3":1,"4":1,"5":1,"6":1,"7":1},"f":{},"b":{},"_coverageSchema":"1a1c01bbd47fc00a2c39e90264f33305004495a9","hash":"970e774956ecec903ada34007e1dc4145c20e06f"}
,"/home/vaxeng/Documents/lottery_app_api/routes/period.route.js": {"path":"/home/vaxeng/Documents/lottery_app_api/routes/period.route.js","statementMap":{"0":{"start":{"line":1,"column":16},"end":{"line":1,"column":34}},"1":{"start":{"line":2,"column":15},"end":{"line":2,"column":31}},"2":{"start":{"line":3,"column":22},"end":{"line":3,"column":64}},"3":{"start":{"line":38,"column":0},"end":{"line":38,"column":62}},"4":{"start":{"line":40,"column":0},"end":{"line":40,"column":23}}},"fnMap":{},"branchMap":{},"s":{"0":1,"1":1,"2":1,"3":1,"4":1},"f":{},"b":{},"_coverageSchema":"1a1c01bbd47fc00a2c39e90264f33305004495a9","hash":"ab8d84e7089649349b59c8d2dd1cb95f2fd2f90d"}
}
